<?xml version="1.0" encoding="UTF-8"?>
<testng-results total="1" passed="1" failed="0" skipped="0">
  <reporter-output>
  </reporter-output>
  <suite started-at="2020-09-29T05:14:18Z" name="Default suite" finished-at="2020-09-29T05:14:47Z" duration-ms="29451">
    <groups>
    </groups>
    <test started-at="2020-09-29T05:14:18Z" name="Default test" finished-at="2020-09-29T05:14:47Z" duration-ms="29451">
      <class name="google.Google_Test">
        <test-method signature="t()[pri:0, instance:google.Google_Test@5b03b9fe]" started-at="2020-09-29T01:14:18Z" name="t" finished-at="2020-09-29T01:14:47Z" duration-ms="29426" status="PASS">
          <reporter-output>
          </reporter-output>
        </test-method> <!-- t -->
      </class> <!-- google.Google_Test -->
    </test> <!-- Default test -->
  </suite> <!-- Default suite -->
</testng-results>
